<?xml version="1.0" encoding="UTF-8"?>
<!-- Generated by org.testng.reporters.JUnitReportReporter -->
<testsuite hostname="DESKTOP-J67RFSQ" failures="0" tests="1" name="Test.SigupTest" time="22.332" errors="0" timestamp="2025-06-26T16:36:22 EDT" skipped="0">
  <testcase classname="Test.SigupTest" name="testsignup" time="22.332"/>
</testsuite> <!-- Test.SigupTest -->
